Terminals unused in grammar

   mc_try
   mc_catch
   mc_finally
   mc_abstract
   mc_new
   mc_package
   mc_import


Grammaire

    0 $accept: program $end

    1 program: class_declaration

    2 class_declaration: opt_modifiers mc_class idf opt_class_inheritance acco class_body accf

    3 opt_modifiers: /* vide */
    4              | modifiers

    5 modifiers: modifier
    6          | modifiers modifier

    7 modifier: mc_public
    8         | mc_private
    9         | mc_protected
   10         | mc_static
   11         | mc_final

   12 opt_class_inheritance: /* vide */
   13                      | inheritance_clause

   14 inheritance_clause: extends_clause
   15                   | implements_clause

   16 extends_clause: mc_extends idf

   17 implements_clause: mc_implements idf_list

   18 idf_list: idf
   19         | idf_list ',' idf

   20 class_body: /* vide */
   21           | class_member_declarations

   22 class_member_declarations: class_member_declaration
   23                          | class_member_declarations class_member_declaration

   24 constructor_declaration: opt_modifiers idf '(' parameters ')' block

   25 class_member_declaration: field_declaration
   26                         | method_declaration
   27                         | constructor_declaration

   28 field_declaration: opt_modifiers type idf ';'
   29                  | opt_modifiers type idf '=' expression ';'

   30 $@1: /* vide */

   31 method_declaration: opt_modifiers type idf '(' parameters ')' $@1 block

   32 $@2: /* vide */

   33 method_declaration: opt_modifiers mc_void mc_main '(' mc_String '[' ']' idf ')' $@2 block

   34 parameters: /* vide */
   35           | parameter_list

   36 parameter_list: parameter
   37               | parameter_list ',' parameter

   38 parameter: type idf

   39 type: mc_int
   40     | mc_float
   41     | mc_double
   42     | mc_char
   43     | mc_boolean
   44     | mc_String
   45     | mc_void
   46     | idf

   47 $@3: /* vide */

   48 block: acco $@3 statements accf

   49 statements: /* vide */
   50           | statements statement

   51 statement: declaration_statement
   52          | expression_statement
   53          | if_statement
   54          | for_statement
   55          | while_statement
   56          | return_statement
   57          | block
   58          | io_statement

   59 declaration_statement: type idf ';'
   60                      | type idf '=' expression ';'

   61 expression_statement: expression ';'

   62 if_statement: mc_if '(' expression ')' statement
   63             | mc_if '(' expression ')' statement mc_else statement

   64 $@4: /* vide */

   65 $@5: /* vide */

   66 for_statement: mc_for '(' $@4 for_init ';' for_cond ';' for_inc ')' $@5 statement

   67 for_init: declaration_statement
   68         | expression
   69         | /* vide */

   70 for_cond: expression
   71         | /* vide */

   72 for_inc: expression
   73        | /* vide */

   74 while_statement: mc_while '(' expression ')' statement

   75 return_statement: mc_return ';'
   76                 | mc_return expression ';'

   77 io_statement: mc_System '.' mc_out '.' mc_println '(' expression ')' ';'

   78 expression: assignment_expression

   79 assignment_expression: logical_expression
   80                      | idf '=' assignment_expression

   81 logical_expression: comparison_expression
   82                   | logical_expression and comparison_expression
   83                   | logical_expression or comparison_expression
   84                   | not comparison_expression

   85 comparison_expression: additive_expression
   86                      | additive_expression eq additive_expression
   87                      | additive_expression neq additive_expression
   88                      | additive_expression '<' additive_expression
   89                      | additive_expression '>' additive_expression
   90                      | additive_expression leq additive_expression
   91                      | additive_expression geq additive_expression

   92 additive_expression: multiplicative_expression
   93                    | additive_expression '+' multiplicative_expression
   94                    | additive_expression '-' multiplicative_expression

   95 multiplicative_expression: primary_expression
   96                          | multiplicative_expression '*' primary_expression
   97                          | multiplicative_expression '/' primary_expression

   98 primary_expression: idf
   99                   | entier
  100                   | chaine
  101                   | decimal
  102                   | '(' expression ')'
  103                   | primary_expression '.' idf


Terminaux, suivis des règles où ils apparaissent

$end (0) 0
'(' (40) 24 31 33 62 63 66 74 77 102
')' (41) 24 31 33 62 63 66 74 77 102
'*' (42) 96
'+' (43) 93
',' (44) 19 37
'-' (45) 94
'.' (46) 77 103
'/' (47) 97
';' (59) 28 29 59 60 61 66 75 76 77
'<' (60) 88
'=' (61) 29 60 80
'>' (62) 89
'[' (91) 33
']' (93) 33
error (256)
mc_class (258) 2
mc_extends (259) 16
mc_implements (260) 17
mc_void (261) 33 45
mc_int (262) 39
mc_String (263) 33 44
mc_return (264) 75 76
mc_if (265) 62 63
mc_else (266) 63
mc_for (267) 66
mc_while (268) 74
mc_try (269)
mc_catch (270)
mc_finally (271)
mc_public (272) 7
mc_private (273) 8
mc_protected (274) 9
mc_static (275) 10
mc_final (276) 11
mc_abstract (277)
mc_new (278)
mc_package (279)
mc_import (280)
mc_System (281) 77
mc_out (282) 77
mc_println (283) 77
mc_boolean (284) 43
mc_char (285) 42
mc_double (286) 41
mc_float (287) 40
mc_main (288) 33
acco (289) 2 48
accf (290) 2 48
geq (291) 91
leq (292) 90
eq (293) 86
neq (294) 87
and (295) 82
or (296) 83
not (297) 84
idf (298) 2 16 18 19 24 28 29 31 33 38 46 59 60 80 98 103
chaine (299) 100
entier (300) 99
decimal (301) 101
LOWER_THAN_ELSE (302)


Non-terminaux, suivis des règles où ils apparaissent

$accept (62)
    à gauche: 0
program (63)
    à gauche: 1, à droite: 0
class_declaration (64)
    à gauche: 2, à droite: 1
opt_modifiers (65)
    à gauche: 3 4, à droite: 2 24 28 29 31 33
modifiers (66)
    à gauche: 5 6, à droite: 4 6
modifier (67)
    à gauche: 7 8 9 10 11, à droite: 5 6
opt_class_inheritance (68)
    à gauche: 12 13, à droite: 2
inheritance_clause (69)
    à gauche: 14 15, à droite: 13
extends_clause (70)
    à gauche: 16, à droite: 14
implements_clause (71)
    à gauche: 17, à droite: 15
idf_list (72)
    à gauche: 18 19, à droite: 17 19
class_body (73)
    à gauche: 20 21, à droite: 2
class_member_declarations (74)
    à gauche: 22 23, à droite: 21 23
constructor_declaration (75)
    à gauche: 24, à droite: 27
class_member_declaration (76)
    à gauche: 25 26 27, à droite: 22 23
field_declaration (77)
    à gauche: 28 29, à droite: 25
method_declaration (78)
    à gauche: 31 33, à droite: 26
$@1 (79)
    à gauche: 30, à droite: 31
$@2 (80)
    à gauche: 32, à droite: 33
parameters (81)
    à gauche: 34 35, à droite: 24 31
parameter_list (82)
    à gauche: 36 37, à droite: 35 37
parameter (83)
    à gauche: 38, à droite: 36 37
type (84)
    à gauche: 39 40 41 42 43 44 45 46, à droite: 28 29 31 38 59 60
block (85)
    à gauche: 48, à droite: 24 31 33 57
$@3 (86)
    à gauche: 47, à droite: 48
statements (87)
    à gauche: 49 50, à droite: 48 50
statement (88)
    à gauche: 51 52 53 54 55 56 57 58, à droite: 50 62 63 66 74
declaration_statement (89)
    à gauche: 59 60, à droite: 51 67
expression_statement (90)
    à gauche: 61, à droite: 52
if_statement (91)
    à gauche: 62 63, à droite: 53
for_statement (92)
    à gauche: 66, à droite: 54
$@4 (93)
    à gauche: 64, à droite: 66
$@5 (94)
    à gauche: 65, à droite: 66
for_init (95)
    à gauche: 67 68 69, à droite: 66
for_cond (96)
    à gauche: 70 71, à droite: 66
for_inc (97)
    à gauche: 72 73, à droite: 66
while_statement (98)
    à gauche: 74, à droite: 55
return_statement (99)
    à gauche: 75 76, à droite: 56
io_statement (100)
    à gauche: 77, à droite: 58
expression (101)
    à gauche: 78, à droite: 29 60 61 62 63 68 70 72 74 76 77 102
assignment_expression (102)
    à gauche: 79 80, à droite: 78 80
logical_expression (103)
    à gauche: 81 82 83 84, à droite: 79 82 83
comparison_expression (104)
    à gauche: 85 86 87 88 89 90 91, à droite: 81 82 83 84
additive_expression (105)
    à gauche: 92 93 94, à droite: 85 86 87 88 89 90 91 93 94
multiplicative_expression (106)
    à gauche: 95 96 97, à droite: 92 93 94 96 97
primary_expression (107)
    à gauche: 98 99 100 101 102 103, à droite: 95 96 97 103


état 0

    0 $accept: . program $end

    mc_public     décalage et aller à l'état 1
    mc_private    décalage et aller à l'état 2
    mc_protected  décalage et aller à l'état 3
    mc_static     décalage et aller à l'état 4
    mc_final      décalage et aller à l'état 5

    $défaut  réduction par utilisation de la règle 3 (opt_modifiers)

    program            aller à l'état 6
    class_declaration  aller à l'état 7
    opt_modifiers      aller à l'état 8
    modifiers          aller à l'état 9
    modifier           aller à l'état 10


état 1

    7 modifier: mc_public .

    $défaut  réduction par utilisation de la règle 7 (modifier)


état 2

    8 modifier: mc_private .

    $défaut  réduction par utilisation de la règle 8 (modifier)


état 3

    9 modifier: mc_protected .

    $défaut  réduction par utilisation de la règle 9 (modifier)


état 4

   10 modifier: mc_static .

    $défaut  réduction par utilisation de la règle 10 (modifier)


état 5

   11 modifier: mc_final .

    $défaut  réduction par utilisation de la règle 11 (modifier)


état 6

    0 $accept: program . $end

    $end  décalage et aller à l'état 11


état 7

    1 program: class_declaration .

    $défaut  réduction par utilisation de la règle 1 (program)


état 8

    2 class_declaration: opt_modifiers . mc_class idf opt_class_inheritance acco class_body accf

    mc_class  décalage et aller à l'état 12


état 9

    4 opt_modifiers: modifiers .
    6 modifiers: modifiers . modifier

    mc_public     décalage et aller à l'état 1
    mc_private    décalage et aller à l'état 2
    mc_protected  décalage et aller à l'état 3
    mc_static     décalage et aller à l'état 4
    mc_final      décalage et aller à l'état 5

    $défaut  réduction par utilisation de la règle 4 (opt_modifiers)

    modifier  aller à l'état 13


état 10

    5 modifiers: modifier .

    $défaut  réduction par utilisation de la règle 5 (modifiers)


état 11

    0 $accept: program $end .

    $défaut  accepter


état 12

    2 class_declaration: opt_modifiers mc_class . idf opt_class_inheritance acco class_body accf

    idf  décalage et aller à l'état 14


état 13

    6 modifiers: modifiers modifier .

    $défaut  réduction par utilisation de la règle 6 (modifiers)


état 14

    2 class_declaration: opt_modifiers mc_class idf . opt_class_inheritance acco class_body accf

    mc_extends     décalage et aller à l'état 15
    mc_implements  décalage et aller à l'état 16

    $défaut  réduction par utilisation de la règle 12 (opt_class_inheritance)

    opt_class_inheritance  aller à l'état 17
    inheritance_clause     aller à l'état 18
    extends_clause         aller à l'état 19
    implements_clause      aller à l'état 20


état 15

   16 extends_clause: mc_extends . idf

    idf  décalage et aller à l'état 21


état 16

   17 implements_clause: mc_implements . idf_list

    idf  décalage et aller à l'état 22

    idf_list  aller à l'état 23


état 17

    2 class_declaration: opt_modifiers mc_class idf opt_class_inheritance . acco class_body accf

    acco  décalage et aller à l'état 24


état 18

   13 opt_class_inheritance: inheritance_clause .

    $défaut  réduction par utilisation de la règle 13 (opt_class_inheritance)


état 19

   14 inheritance_clause: extends_clause .

    $défaut  réduction par utilisation de la règle 14 (inheritance_clause)


état 20

   15 inheritance_clause: implements_clause .

    $défaut  réduction par utilisation de la règle 15 (inheritance_clause)


état 21

   16 extends_clause: mc_extends idf .

    $défaut  réduction par utilisation de la règle 16 (extends_clause)


état 22

   18 idf_list: idf .

    $défaut  réduction par utilisation de la règle 18 (idf_list)


état 23

   17 implements_clause: mc_implements idf_list .
   19 idf_list: idf_list . ',' idf

    ','  décalage et aller à l'état 25

    $défaut  réduction par utilisation de la règle 17 (implements_clause)


état 24

    2 class_declaration: opt_modifiers mc_class idf opt_class_inheritance acco . class_body accf

    mc_public     décalage et aller à l'état 1
    mc_private    décalage et aller à l'état 2
    mc_protected  décalage et aller à l'état 3
    mc_static     décalage et aller à l'état 4
    mc_final      décalage et aller à l'état 5

    accf     réduction par utilisation de la règle 20 (class_body)
    $défaut  réduction par utilisation de la règle 3 (opt_modifiers)

    opt_modifiers              aller à l'état 26
    modifiers                  aller à l'état 9
    modifier                   aller à l'état 10
    class_body                 aller à l'état 27
    class_member_declarations  aller à l'état 28
    constructor_declaration    aller à l'état 29
    class_member_declaration   aller à l'état 30
    field_declaration          aller à l'état 31
    method_declaration         aller à l'état 32


état 25

   19 idf_list: idf_list ',' . idf

    idf  décalage et aller à l'état 33


état 26

   24 constructor_declaration: opt_modifiers . idf '(' parameters ')' block
   28 field_declaration: opt_modifiers . type idf ';'
   29                  | opt_modifiers . type idf '=' expression ';'
   31 method_declaration: opt_modifiers . type idf '(' parameters ')' $@1 block
   33                   | opt_modifiers . mc_void mc_main '(' mc_String '[' ']' idf ')' $@2 block

    mc_void     décalage et aller à l'état 34
    mc_int      décalage et aller à l'état 35
    mc_String   décalage et aller à l'état 36
    mc_boolean  décalage et aller à l'état 37
    mc_char     décalage et aller à l'état 38
    mc_double   décalage et aller à l'état 39
    mc_float    décalage et aller à l'état 40
    idf         décalage et aller à l'état 41

    type  aller à l'état 42


état 27

    2 class_declaration: opt_modifiers mc_class idf opt_class_inheritance acco class_body . accf

    accf  décalage et aller à l'état 43


état 28

   21 class_body: class_member_declarations .
   23 class_member_declarations: class_member_declarations . class_member_declaration

    mc_public     décalage et aller à l'état 1
    mc_private    décalage et aller à l'état 2
    mc_protected  décalage et aller à l'état 3
    mc_static     décalage et aller à l'état 4
    mc_final      décalage et aller à l'état 5

    accf     réduction par utilisation de la règle 21 (class_body)
    $défaut  réduction par utilisation de la règle 3 (opt_modifiers)

    opt_modifiers             aller à l'état 26
    modifiers                 aller à l'état 9
    modifier                  aller à l'état 10
    constructor_declaration   aller à l'état 29
    class_member_declaration  aller à l'état 44
    field_declaration         aller à l'état 31
    method_declaration        aller à l'état 32


état 29

   27 class_member_declaration: constructor_declaration .

    $défaut  réduction par utilisation de la règle 27 (class_member_declaration)


état 30

   22 class_member_declarations: class_member_declaration .

    $défaut  réduction par utilisation de la règle 22 (class_member_declarations)


état 31

   25 class_member_declaration: field_declaration .

    $défaut  réduction par utilisation de la règle 25 (class_member_declaration)


état 32

   26 class_member_declaration: method_declaration .

    $défaut  réduction par utilisation de la règle 26 (class_member_declaration)


état 33

   19 idf_list: idf_list ',' idf .

    $défaut  réduction par utilisation de la règle 19 (idf_list)


état 34

   33 method_declaration: opt_modifiers mc_void . mc_main '(' mc_String '[' ']' idf ')' $@2 block
   45 type: mc_void .

    mc_main  décalage et aller à l'état 45

    $défaut  réduction par utilisation de la règle 45 (type)


état 35

   39 type: mc_int .

    $défaut  réduction par utilisation de la règle 39 (type)


état 36

   44 type: mc_String .

    $défaut  réduction par utilisation de la règle 44 (type)


état 37

   43 type: mc_boolean .

    $défaut  réduction par utilisation de la règle 43 (type)


état 38

   42 type: mc_char .

    $défaut  réduction par utilisation de la règle 42 (type)


état 39

   41 type: mc_double .

    $défaut  réduction par utilisation de la règle 41 (type)


état 40

   40 type: mc_float .

    $défaut  réduction par utilisation de la règle 40 (type)


état 41

   24 constructor_declaration: opt_modifiers idf . '(' parameters ')' block
   46 type: idf .

    '('  décalage et aller à l'état 46

    $défaut  réduction par utilisation de la règle 46 (type)


état 42

   28 field_declaration: opt_modifiers type . idf ';'
   29                  | opt_modifiers type . idf '=' expression ';'
   31 method_declaration: opt_modifiers type . idf '(' parameters ')' $@1 block

    idf  décalage et aller à l'état 47


état 43

    2 class_declaration: opt_modifiers mc_class idf opt_class_inheritance acco class_body accf .

    $défaut  réduction par utilisation de la règle 2 (class_declaration)


état 44

   23 class_member_declarations: class_member_declarations class_member_declaration .

    $défaut  réduction par utilisation de la règle 23 (class_member_declarations)


état 45

   33 method_declaration: opt_modifiers mc_void mc_main . '(' mc_String '[' ']' idf ')' $@2 block

    '('  décalage et aller à l'état 48


état 46

   24 constructor_declaration: opt_modifiers idf '(' . parameters ')' block

    mc_void     décalage et aller à l'état 49
    mc_int      décalage et aller à l'état 35
    mc_String   décalage et aller à l'état 36
    mc_boolean  décalage et aller à l'état 37
    mc_char     décalage et aller à l'état 38
    mc_double   décalage et aller à l'état 39
    mc_float    décalage et aller à l'état 40
    idf         décalage et aller à l'état 50

    $défaut  réduction par utilisation de la règle 34 (parameters)

    parameters      aller à l'état 51
    parameter_list  aller à l'état 52
    parameter       aller à l'état 53
    type            aller à l'état 54


état 47

   28 field_declaration: opt_modifiers type idf . ';'
   29                  | opt_modifiers type idf . '=' expression ';'
   31 method_declaration: opt_modifiers type idf . '(' parameters ')' $@1 block

    '='  décalage et aller à l'état 55
    '('  décalage et aller à l'état 56
    ';'  décalage et aller à l'état 57


état 48

   33 method_declaration: opt_modifiers mc_void mc_main '(' . mc_String '[' ']' idf ')' $@2 block

    mc_String  décalage et aller à l'état 58


état 49

   45 type: mc_void .

    $défaut  réduction par utilisation de la règle 45 (type)


état 50

   46 type: idf .

    $défaut  réduction par utilisation de la règle 46 (type)


état 51

   24 constructor_declaration: opt_modifiers idf '(' parameters . ')' block

    ')'  décalage et aller à l'état 59


état 52

   35 parameters: parameter_list .
   37 parameter_list: parameter_list . ',' parameter

    ','  décalage et aller à l'état 60

    $défaut  réduction par utilisation de la règle 35 (parameters)


état 53

   36 parameter_list: parameter .

    $défaut  réduction par utilisation de la règle 36 (parameter_list)


état 54

   38 parameter: type . idf

    idf  décalage et aller à l'état 61


état 55

   29 field_declaration: opt_modifiers type idf '=' . expression ';'

    not      décalage et aller à l'état 62
    idf      décalage et aller à l'état 63
    chaine   décalage et aller à l'état 64
    entier   décalage et aller à l'état 65
    decimal  décalage et aller à l'état 66
    '('      décalage et aller à l'état 67

    expression                 aller à l'état 68
    assignment_expression      aller à l'état 69
    logical_expression         aller à l'état 70
    comparison_expression      aller à l'état 71
    additive_expression        aller à l'état 72
    multiplicative_expression  aller à l'état 73
    primary_expression         aller à l'état 74


état 56

   31 method_declaration: opt_modifiers type idf '(' . parameters ')' $@1 block

    mc_void     décalage et aller à l'état 49
    mc_int      décalage et aller à l'état 35
    mc_String   décalage et aller à l'état 36
    mc_boolean  décalage et aller à l'état 37
    mc_char     décalage et aller à l'état 38
    mc_double   décalage et aller à l'état 39
    mc_float    décalage et aller à l'état 40
    idf         décalage et aller à l'état 50

    $défaut  réduction par utilisation de la règle 34 (parameters)

    parameters      aller à l'état 75
    parameter_list  aller à l'état 52
    parameter       aller à l'état 53
    type            aller à l'état 54


état 57

   28 field_declaration: opt_modifiers type idf ';' .

    $défaut  réduction par utilisation de la règle 28 (field_declaration)


état 58

   33 method_declaration: opt_modifiers mc_void mc_main '(' mc_String . '[' ']' idf ')' $@2 block

    '['  décalage et aller à l'état 76


état 59

   24 constructor_declaration: opt_modifiers idf '(' parameters ')' . block

    acco  décalage et aller à l'état 77

    block  aller à l'état 78


état 60

   37 parameter_list: parameter_list ',' . parameter

    mc_void     décalage et aller à l'état 49
    mc_int      décalage et aller à l'état 35
    mc_String   décalage et aller à l'état 36
    mc_boolean  décalage et aller à l'état 37
    mc_char     décalage et aller à l'état 38
    mc_double   décalage et aller à l'état 39
    mc_float    décalage et aller à l'état 40
    idf         décalage et aller à l'état 50

    parameter  aller à l'état 79
    type       aller à l'état 54


état 61

   38 parameter: type idf .

    $défaut  réduction par utilisation de la règle 38 (parameter)


état 62

   84 logical_expression: not . comparison_expression

    idf      décalage et aller à l'état 80
    chaine   décalage et aller à l'état 64
    entier   décalage et aller à l'état 65
    decimal  décalage et aller à l'état 66
    '('      décalage et aller à l'état 67

    comparison_expression      aller à l'état 81
    additive_expression        aller à l'état 72
    multiplicative_expression  aller à l'état 73
    primary_expression         aller à l'état 74


état 63

   80 assignment_expression: idf . '=' assignment_expression
   98 primary_expression: idf .

    '='  décalage et aller à l'état 82

    $défaut  réduction par utilisation de la règle 98 (primary_expression)


état 64

  100 primary_expression: chaine .

    $défaut  réduction par utilisation de la règle 100 (primary_expression)


état 65

   99 primary_expression: entier .

    $défaut  réduction par utilisation de la règle 99 (primary_expression)


état 66

  101 primary_expression: decimal .

    $défaut  réduction par utilisation de la règle 101 (primary_expression)


état 67

  102 primary_expression: '(' . expression ')'

    not      décalage et aller à l'état 62
    idf      décalage et aller à l'état 63
    chaine   décalage et aller à l'état 64
    entier   décalage et aller à l'état 65
    decimal  décalage et aller à l'état 66
    '('      décalage et aller à l'état 67

    expression                 aller à l'état 83
    assignment_expression      aller à l'état 69
    logical_expression         aller à l'état 70
    comparison_expression      aller à l'état 71
    additive_expression        aller à l'état 72
    multiplicative_expression  aller à l'état 73
    primary_expression         aller à l'état 74


état 68

   29 field_declaration: opt_modifiers type idf '=' expression . ';'

    ';'  décalage et aller à l'état 84


état 69

   78 expression: assignment_expression .

    $défaut  réduction par utilisation de la règle 78 (expression)


état 70

   79 assignment_expression: logical_expression .
   82 logical_expression: logical_expression . and comparison_expression
   83                   | logical_expression . or comparison_expression

    and  décalage et aller à l'état 85
    or   décalage et aller à l'état 86

    $défaut  réduction par utilisation de la règle 79 (assignment_expression)


état 71

   81 logical_expression: comparison_expression .

    $défaut  réduction par utilisation de la règle 81 (logical_expression)


état 72

   85 comparison_expression: additive_expression .
   86                      | additive_expression . eq additive_expression
   87                      | additive_expression . neq additive_expression
   88                      | additive_expression . '<' additive_expression
   89                      | additive_expression . '>' additive_expression
   90                      | additive_expression . leq additive_expression
   91                      | additive_expression . geq additive_expression
   93 additive_expression: additive_expression . '+' multiplicative_expression
   94                    | additive_expression . '-' multiplicative_expression

    geq  décalage et aller à l'état 87
    leq  décalage et aller à l'état 88
    eq   décalage et aller à l'état 89
    neq  décalage et aller à l'état 90
    '<'  décalage et aller à l'état 91
    '>'  décalage et aller à l'état 92
    '+'  décalage et aller à l'état 93
    '-'  décalage et aller à l'état 94

    $défaut  réduction par utilisation de la règle 85 (comparison_expression)


état 73

   92 additive_expression: multiplicative_expression .
   96 multiplicative_expression: multiplicative_expression . '*' primary_expression
   97                          | multiplicative_expression . '/' primary_expression

    '*'  décalage et aller à l'état 95
    '/'  décalage et aller à l'état 96

    $défaut  réduction par utilisation de la règle 92 (additive_expression)


état 74

   95 multiplicative_expression: primary_expression .
  103 primary_expression: primary_expression . '.' idf

    '.'  décalage et aller à l'état 97

    $défaut  réduction par utilisation de la règle 95 (multiplicative_expression)


état 75

   31 method_declaration: opt_modifiers type idf '(' parameters . ')' $@1 block

    ')'  décalage et aller à l'état 98


état 76

   33 method_declaration: opt_modifiers mc_void mc_main '(' mc_String '[' . ']' idf ')' $@2 block

    ']'  décalage et aller à l'état 99


état 77

   48 block: acco . $@3 statements accf

    $défaut  réduction par utilisation de la règle 47 ($@3)

    $@3  aller à l'état 100


état 78

   24 constructor_declaration: opt_modifiers idf '(' parameters ')' block .

    $défaut  réduction par utilisation de la règle 24 (constructor_declaration)


état 79

   37 parameter_list: parameter_list ',' parameter .

    $défaut  réduction par utilisation de la règle 37 (parameter_list)


état 80

   98 primary_expression: idf .

    $défaut  réduction par utilisation de la règle 98 (primary_expression)


état 81

   84 logical_expression: not comparison_expression .

    $défaut  réduction par utilisation de la règle 84 (logical_expression)


état 82

   80 assignment_expression: idf '=' . assignment_expression

    not      décalage et aller à l'état 62
    idf      décalage et aller à l'état 63
    chaine   décalage et aller à l'état 64
    entier   décalage et aller à l'état 65
    decimal  décalage et aller à l'état 66
    '('      décalage et aller à l'état 67

    assignment_expression      aller à l'état 101
    logical_expression         aller à l'état 70
    comparison_expression      aller à l'état 71
    additive_expression        aller à l'état 72
    multiplicative_expression  aller à l'état 73
    primary_expression         aller à l'état 74


état 83

  102 primary_expression: '(' expression . ')'

    ')'  décalage et aller à l'état 102


état 84

   29 field_declaration: opt_modifiers type idf '=' expression ';' .

    $défaut  réduction par utilisation de la règle 29 (field_declaration)


état 85

   82 logical_expression: logical_expression and . comparison_expression

    idf      décalage et aller à l'état 80
    chaine   décalage et aller à l'état 64
    entier   décalage et aller à l'état 65
    decimal  décalage et aller à l'état 66
    '('      décalage et aller à l'état 67

    comparison_expression      aller à l'état 103
    additive_expression        aller à l'état 72
    multiplicative_expression  aller à l'état 73
    primary_expression         aller à l'état 74


état 86

   83 logical_expression: logical_expression or . comparison_expression

    idf      décalage et aller à l'état 80
    chaine   décalage et aller à l'état 64
    entier   décalage et aller à l'état 65
    decimal  décalage et aller à l'état 66
    '('      décalage et aller à l'état 67

    comparison_expression      aller à l'état 104
    additive_expression        aller à l'état 72
    multiplicative_expression  aller à l'état 73
    primary_expression         aller à l'état 74


état 87

   91 comparison_expression: additive_expression geq . additive_expression

    idf      décalage et aller à l'état 80
    chaine   décalage et aller à l'état 64
    entier   décalage et aller à l'état 65
    decimal  décalage et aller à l'état 66
    '('      décalage et aller à l'état 67

    additive_expression        aller à l'état 105
    multiplicative_expression  aller à l'état 73
    primary_expression         aller à l'état 74


état 88

   90 comparison_expression: additive_expression leq . additive_expression

    idf      décalage et aller à l'état 80
    chaine   décalage et aller à l'état 64
    entier   décalage et aller à l'état 65
    decimal  décalage et aller à l'état 66
    '('      décalage et aller à l'état 67

    additive_expression        aller à l'état 106
    multiplicative_expression  aller à l'état 73
    primary_expression         aller à l'état 74


état 89

   86 comparison_expression: additive_expression eq . additive_expression

    idf      décalage et aller à l'état 80
    chaine   décalage et aller à l'état 64
    entier   décalage et aller à l'état 65
    decimal  décalage et aller à l'état 66
    '('      décalage et aller à l'état 67

    additive_expression        aller à l'état 107
    multiplicative_expression  aller à l'état 73
    primary_expression         aller à l'état 74


état 90

   87 comparison_expression: additive_expression neq . additive_expression

    idf      décalage et aller à l'état 80
    chaine   décalage et aller à l'état 64
    entier   décalage et aller à l'état 65
    decimal  décalage et aller à l'état 66
    '('      décalage et aller à l'état 67

    additive_expression        aller à l'état 108
    multiplicative_expression  aller à l'état 73
    primary_expression         aller à l'état 74


état 91

   88 comparison_expression: additive_expression '<' . additive_expression

    idf      décalage et aller à l'état 80
    chaine   décalage et aller à l'état 64
    entier   décalage et aller à l'état 65
    decimal  décalage et aller à l'état 66
    '('      décalage et aller à l'état 67

    additive_expression        aller à l'état 109
    multiplicative_expression  aller à l'état 73
    primary_expression         aller à l'état 74


état 92

   89 comparison_expression: additive_expression '>' . additive_expression

    idf      décalage et aller à l'état 80
    chaine   décalage et aller à l'état 64
    entier   décalage et aller à l'état 65
    decimal  décalage et aller à l'état 66
    '('      décalage et aller à l'état 67

    additive_expression        aller à l'état 110
    multiplicative_expression  aller à l'état 73
    primary_expression         aller à l'état 74


état 93

   93 additive_expression: additive_expression '+' . multiplicative_expression

    idf      décalage et aller à l'état 80
    chaine   décalage et aller à l'état 64
    entier   décalage et aller à l'état 65
    decimal  décalage et aller à l'état 66
    '('      décalage et aller à l'état 67

    multiplicative_expression  aller à l'état 111
    primary_expression         aller à l'état 74


état 94

   94 additive_expression: additive_expression '-' . multiplicative_expression

    idf      décalage et aller à l'état 80
    chaine   décalage et aller à l'état 64
    entier   décalage et aller à l'état 65
    decimal  décalage et aller à l'état 66
    '('      décalage et aller à l'état 67

    multiplicative_expression  aller à l'état 112
    primary_expression         aller à l'état 74


état 95

   96 multiplicative_expression: multiplicative_expression '*' . primary_expression

    idf      décalage et aller à l'état 80
    chaine   décalage et aller à l'état 64
    entier   décalage et aller à l'état 65
    decimal  décalage et aller à l'état 66
    '('      décalage et aller à l'état 67

    primary_expression  aller à l'état 113


état 96

   97 multiplicative_expression: multiplicative_expression '/' . primary_expression

    idf      décalage et aller à l'état 80
    chaine   décalage et aller à l'état 64
    entier   décalage et aller à l'état 65
    decimal  décalage et aller à l'état 66
    '('      décalage et aller à l'état 67

    primary_expression  aller à l'état 114


état 97

  103 primary_expression: primary_expression '.' . idf

    idf  décalage et aller à l'état 115


état 98

   31 method_declaration: opt_modifiers type idf '(' parameters ')' . $@1 block

    $défaut  réduction par utilisation de la règle 30 ($@1)

    $@1  aller à l'état 116


état 99

   33 method_declaration: opt_modifiers mc_void mc_main '(' mc_String '[' ']' . idf ')' $@2 block

    idf  décalage et aller à l'état 117


état 100

   48 block: acco $@3 . statements accf

    $défaut  réduction par utilisation de la règle 49 (statements)

    statements  aller à l'état 118


état 101

   80 assignment_expression: idf '=' assignment_expression .

    $défaut  réduction par utilisation de la règle 80 (assignment_expression)


état 102

  102 primary_expression: '(' expression ')' .

    $défaut  réduction par utilisation de la règle 102 (primary_expression)


état 103

   82 logical_expression: logical_expression and comparison_expression .

    $défaut  réduction par utilisation de la règle 82 (logical_expression)


état 104

   83 logical_expression: logical_expression or comparison_expression .

    $défaut  réduction par utilisation de la règle 83 (logical_expression)


état 105

   91 comparison_expression: additive_expression geq additive_expression .
   93 additive_expression: additive_expression . '+' multiplicative_expression
   94                    | additive_expression . '-' multiplicative_expression

    '+'  décalage et aller à l'état 93
    '-'  décalage et aller à l'état 94

    $défaut  réduction par utilisation de la règle 91 (comparison_expression)


état 106

   90 comparison_expression: additive_expression leq additive_expression .
   93 additive_expression: additive_expression . '+' multiplicative_expression
   94                    | additive_expression . '-' multiplicative_expression

    '+'  décalage et aller à l'état 93
    '-'  décalage et aller à l'état 94

    $défaut  réduction par utilisation de la règle 90 (comparison_expression)


état 107

   86 comparison_expression: additive_expression eq additive_expression .
   93 additive_expression: additive_expression . '+' multiplicative_expression
   94                    | additive_expression . '-' multiplicative_expression

    '+'  décalage et aller à l'état 93
    '-'  décalage et aller à l'état 94

    $défaut  réduction par utilisation de la règle 86 (comparison_expression)


état 108

   87 comparison_expression: additive_expression neq additive_expression .
   93 additive_expression: additive_expression . '+' multiplicative_expression
   94                    | additive_expression . '-' multiplicative_expression

    '+'  décalage et aller à l'état 93
    '-'  décalage et aller à l'état 94

    $défaut  réduction par utilisation de la règle 87 (comparison_expression)


état 109

   88 comparison_expression: additive_expression '<' additive_expression .
   93 additive_expression: additive_expression . '+' multiplicative_expression
   94                    | additive_expression . '-' multiplicative_expression

    '+'  décalage et aller à l'état 93
    '-'  décalage et aller à l'état 94

    $défaut  réduction par utilisation de la règle 88 (comparison_expression)


état 110

   89 comparison_expression: additive_expression '>' additive_expression .
   93 additive_expression: additive_expression . '+' multiplicative_expression
   94                    | additive_expression . '-' multiplicative_expression

    '+'  décalage et aller à l'état 93
    '-'  décalage et aller à l'état 94

    $défaut  réduction par utilisation de la règle 89 (comparison_expression)


état 111

   93 additive_expression: additive_expression '+' multiplicative_expression .
   96 multiplicative_expression: multiplicative_expression . '*' primary_expression
   97                          | multiplicative_expression . '/' primary_expression

    '*'  décalage et aller à l'état 95
    '/'  décalage et aller à l'état 96

    $défaut  réduction par utilisation de la règle 93 (additive_expression)


état 112

   94 additive_expression: additive_expression '-' multiplicative_expression .
   96 multiplicative_expression: multiplicative_expression . '*' primary_expression
   97                          | multiplicative_expression . '/' primary_expression

    '*'  décalage et aller à l'état 95
    '/'  décalage et aller à l'état 96

    $défaut  réduction par utilisation de la règle 94 (additive_expression)


état 113

   96 multiplicative_expression: multiplicative_expression '*' primary_expression .
  103 primary_expression: primary_expression . '.' idf

    '.'  décalage et aller à l'état 97

    $défaut  réduction par utilisation de la règle 96 (multiplicative_expression)


état 114

   97 multiplicative_expression: multiplicative_expression '/' primary_expression .
  103 primary_expression: primary_expression . '.' idf

    '.'  décalage et aller à l'état 97

    $défaut  réduction par utilisation de la règle 97 (multiplicative_expression)


état 115

  103 primary_expression: primary_expression '.' idf .

    $défaut  réduction par utilisation de la règle 103 (primary_expression)


état 116

   31 method_declaration: opt_modifiers type idf '(' parameters ')' $@1 . block

    acco  décalage et aller à l'état 77

    block  aller à l'état 119


état 117

   33 method_declaration: opt_modifiers mc_void mc_main '(' mc_String '[' ']' idf . ')' $@2 block

    ')'  décalage et aller à l'état 120


état 118

   48 block: acco $@3 statements . accf
   50 statements: statements . statement

    mc_void     décalage et aller à l'état 49
    mc_int      décalage et aller à l'état 35
    mc_String   décalage et aller à l'état 36
    mc_return   décalage et aller à l'état 121
    mc_if       décalage et aller à l'état 122
    mc_for      décalage et aller à l'état 123
    mc_while    décalage et aller à l'état 124
    mc_System   décalage et aller à l'état 125
    mc_boolean  décalage et aller à l'état 37
    mc_char     décalage et aller à l'état 38
    mc_double   décalage et aller à l'état 39
    mc_float    décalage et aller à l'état 40
    acco        décalage et aller à l'état 77
    accf        décalage et aller à l'état 126
    not         décalage et aller à l'état 62
    idf         décalage et aller à l'état 127
    chaine      décalage et aller à l'état 64
    entier      décalage et aller à l'état 65
    decimal     décalage et aller à l'état 66
    '('         décalage et aller à l'état 67

    type                       aller à l'état 128
    block                      aller à l'état 129
    statement                  aller à l'état 130
    declaration_statement      aller à l'état 131
    expression_statement       aller à l'état 132
    if_statement               aller à l'état 133
    for_statement              aller à l'état 134
    while_statement            aller à l'état 135
    return_statement           aller à l'état 136
    io_statement               aller à l'état 137
    expression                 aller à l'état 138
    assignment_expression      aller à l'état 69
    logical_expression         aller à l'état 70
    comparison_expression      aller à l'état 71
    additive_expression        aller à l'état 72
    multiplicative_expression  aller à l'état 73
    primary_expression         aller à l'état 74


état 119

   31 method_declaration: opt_modifiers type idf '(' parameters ')' $@1 block .

    $défaut  réduction par utilisation de la règle 31 (method_declaration)


état 120

   33 method_declaration: opt_modifiers mc_void mc_main '(' mc_String '[' ']' idf ')' . $@2 block

    $défaut  réduction par utilisation de la règle 32 ($@2)

    $@2  aller à l'état 139


état 121

   75 return_statement: mc_return . ';'
   76                 | mc_return . expression ';'

    not      décalage et aller à l'état 62
    idf      décalage et aller à l'état 63
    chaine   décalage et aller à l'état 64
    entier   décalage et aller à l'état 65
    decimal  décalage et aller à l'état 66
    '('      décalage et aller à l'état 67
    ';'      décalage et aller à l'état 140

    expression                 aller à l'état 141
    assignment_expression      aller à l'état 69
    logical_expression         aller à l'état 70
    comparison_expression      aller à l'état 71
    additive_expression        aller à l'état 72
    multiplicative_expression  aller à l'état 73
    primary_expression         aller à l'état 74


état 122

   62 if_statement: mc_if . '(' expression ')' statement
   63             | mc_if . '(' expression ')' statement mc_else statement

    '('  décalage et aller à l'état 142


état 123

   66 for_statement: mc_for . '(' $@4 for_init ';' for_cond ';' for_inc ')' $@5 statement

    '('  décalage et aller à l'état 143


état 124

   74 while_statement: mc_while . '(' expression ')' statement

    '('  décalage et aller à l'état 144


état 125

   77 io_statement: mc_System . '.' mc_out '.' mc_println '(' expression ')' ';'

    '.'  décalage et aller à l'état 145


état 126

   48 block: acco $@3 statements accf .

    $défaut  réduction par utilisation de la règle 48 (block)


état 127

   46 type: idf .
   80 assignment_expression: idf . '=' assignment_expression
   98 primary_expression: idf .

    '='  décalage et aller à l'état 82

    idf      réduction par utilisation de la règle 46 (type)
    $défaut  réduction par utilisation de la règle 98 (primary_expression)


état 128

   59 declaration_statement: type . idf ';'
   60                      | type . idf '=' expression ';'

    idf  décalage et aller à l'état 146


état 129

   57 statement: block .

    $défaut  réduction par utilisation de la règle 57 (statement)


état 130

   50 statements: statements statement .

    $défaut  réduction par utilisation de la règle 50 (statements)


état 131

   51 statement: declaration_statement .

    $défaut  réduction par utilisation de la règle 51 (statement)


état 132

   52 statement: expression_statement .

    $défaut  réduction par utilisation de la règle 52 (statement)


état 133

   53 statement: if_statement .

    $défaut  réduction par utilisation de la règle 53 (statement)


état 134

   54 statement: for_statement .

    $défaut  réduction par utilisation de la règle 54 (statement)


état 135

   55 statement: while_statement .

    $défaut  réduction par utilisation de la règle 55 (statement)


état 136

   56 statement: return_statement .

    $défaut  réduction par utilisation de la règle 56 (statement)


état 137

   58 statement: io_statement .

    $défaut  réduction par utilisation de la règle 58 (statement)


état 138

   61 expression_statement: expression . ';'

    ';'  décalage et aller à l'état 147


état 139

   33 method_declaration: opt_modifiers mc_void mc_main '(' mc_String '[' ']' idf ')' $@2 . block

    acco  décalage et aller à l'état 77

    block  aller à l'état 148


état 140

   75 return_statement: mc_return ';' .

    $défaut  réduction par utilisation de la règle 75 (return_statement)


état 141

   76 return_statement: mc_return expression . ';'

    ';'  décalage et aller à l'état 149


état 142

   62 if_statement: mc_if '(' . expression ')' statement
   63             | mc_if '(' . expression ')' statement mc_else statement

    not      décalage et aller à l'état 62
    idf      décalage et aller à l'état 63
    chaine   décalage et aller à l'état 64
    entier   décalage et aller à l'état 65
    decimal  décalage et aller à l'état 66
    '('      décalage et aller à l'état 67

    expression                 aller à l'état 150
    assignment_expression      aller à l'état 69
    logical_expression         aller à l'état 70
    comparison_expression      aller à l'état 71
    additive_expression        aller à l'état 72
    multiplicative_expression  aller à l'état 73
    primary_expression         aller à l'état 74


état 143

   66 for_statement: mc_for '(' . $@4 for_init ';' for_cond ';' for_inc ')' $@5 statement

    $défaut  réduction par utilisation de la règle 64 ($@4)

    $@4  aller à l'état 151


état 144

   74 while_statement: mc_while '(' . expression ')' statement

    not      décalage et aller à l'état 62
    idf      décalage et aller à l'état 63
    chaine   décalage et aller à l'état 64
    entier   décalage et aller à l'état 65
    decimal  décalage et aller à l'état 66
    '('      décalage et aller à l'état 67

    expression                 aller à l'état 152
    assignment_expression      aller à l'état 69
    logical_expression         aller à l'état 70
    comparison_expression      aller à l'état 71
    additive_expression        aller à l'état 72
    multiplicative_expression  aller à l'état 73
    primary_expression         aller à l'état 74


état 145

   77 io_statement: mc_System '.' . mc_out '.' mc_println '(' expression ')' ';'

    mc_out  décalage et aller à l'état 153


état 146

   59 declaration_statement: type idf . ';'
   60                      | type idf . '=' expression ';'

    '='  décalage et aller à l'état 154
    ';'  décalage et aller à l'état 155


état 147

   61 expression_statement: expression ';' .

    $défaut  réduction par utilisation de la règle 61 (expression_statement)


état 148

   33 method_declaration: opt_modifiers mc_void mc_main '(' mc_String '[' ']' idf ')' $@2 block .

    $défaut  réduction par utilisation de la règle 33 (method_declaration)


état 149

   76 return_statement: mc_return expression ';' .

    $défaut  réduction par utilisation de la règle 76 (return_statement)


état 150

   62 if_statement: mc_if '(' expression . ')' statement
   63             | mc_if '(' expression . ')' statement mc_else statement

    ')'  décalage et aller à l'état 156


état 151

   66 for_statement: mc_for '(' $@4 . for_init ';' for_cond ';' for_inc ')' $@5 statement

    mc_void     décalage et aller à l'état 49
    mc_int      décalage et aller à l'état 35
    mc_String   décalage et aller à l'état 36
    mc_boolean  décalage et aller à l'état 37
    mc_char     décalage et aller à l'état 38
    mc_double   décalage et aller à l'état 39
    mc_float    décalage et aller à l'état 40
    not         décalage et aller à l'état 62
    idf         décalage et aller à l'état 127
    chaine      décalage et aller à l'état 64
    entier      décalage et aller à l'état 65
    decimal     décalage et aller à l'état 66
    '('         décalage et aller à l'état 67

    $défaut  réduction par utilisation de la règle 69 (for_init)

    type                       aller à l'état 128
    declaration_statement      aller à l'état 157
    for_init                   aller à l'état 158
    expression                 aller à l'état 159
    assignment_expression      aller à l'état 69
    logical_expression         aller à l'état 70
    comparison_expression      aller à l'état 71
    additive_expression        aller à l'état 72
    multiplicative_expression  aller à l'état 73
    primary_expression         aller à l'état 74


état 152

   74 while_statement: mc_while '(' expression . ')' statement

    ')'  décalage et aller à l'état 160


état 153

   77 io_statement: mc_System '.' mc_out . '.' mc_println '(' expression ')' ';'

    '.'  décalage et aller à l'état 161


état 154

   60 declaration_statement: type idf '=' . expression ';'

    not      décalage et aller à l'état 62
    idf      décalage et aller à l'état 63
    chaine   décalage et aller à l'état 64
    entier   décalage et aller à l'état 65
    decimal  décalage et aller à l'état 66
    '('      décalage et aller à l'état 67

    expression                 aller à l'état 162
    assignment_expression      aller à l'état 69
    logical_expression         aller à l'état 70
    comparison_expression      aller à l'état 71
    additive_expression        aller à l'état 72
    multiplicative_expression  aller à l'état 73
    primary_expression         aller à l'état 74


état 155

   59 declaration_statement: type idf ';' .

    $défaut  réduction par utilisation de la règle 59 (declaration_statement)


état 156

   62 if_statement: mc_if '(' expression ')' . statement
   63             | mc_if '(' expression ')' . statement mc_else statement

    mc_void     décalage et aller à l'état 49
    mc_int      décalage et aller à l'état 35
    mc_String   décalage et aller à l'état 36
    mc_return   décalage et aller à l'état 121
    mc_if       décalage et aller à l'état 122
    mc_for      décalage et aller à l'état 123
    mc_while    décalage et aller à l'état 124
    mc_System   décalage et aller à l'état 125
    mc_boolean  décalage et aller à l'état 37
    mc_char     décalage et aller à l'état 38
    mc_double   décalage et aller à l'état 39
    mc_float    décalage et aller à l'état 40
    acco        décalage et aller à l'état 77
    not         décalage et aller à l'état 62
    idf         décalage et aller à l'état 127
    chaine      décalage et aller à l'état 64
    entier      décalage et aller à l'état 65
    decimal     décalage et aller à l'état 66
    '('         décalage et aller à l'état 67

    type                       aller à l'état 128
    block                      aller à l'état 129
    statement                  aller à l'état 163
    declaration_statement      aller à l'état 131
    expression_statement       aller à l'état 132
    if_statement               aller à l'état 133
    for_statement              aller à l'état 134
    while_statement            aller à l'état 135
    return_statement           aller à l'état 136
    io_statement               aller à l'état 137
    expression                 aller à l'état 138
    assignment_expression      aller à l'état 69
    logical_expression         aller à l'état 70
    comparison_expression      aller à l'état 71
    additive_expression        aller à l'état 72
    multiplicative_expression  aller à l'état 73
    primary_expression         aller à l'état 74


état 157

   67 for_init: declaration_statement .

    $défaut  réduction par utilisation de la règle 67 (for_init)


état 158

   66 for_statement: mc_for '(' $@4 for_init . ';' for_cond ';' for_inc ')' $@5 statement

    ';'  décalage et aller à l'état 164


état 159

   68 for_init: expression .

    $défaut  réduction par utilisation de la règle 68 (for_init)


état 160

   74 while_statement: mc_while '(' expression ')' . statement

    mc_void     décalage et aller à l'état 49
    mc_int      décalage et aller à l'état 35
    mc_String   décalage et aller à l'état 36
    mc_return   décalage et aller à l'état 121
    mc_if       décalage et aller à l'état 122
    mc_for      décalage et aller à l'état 123
    mc_while    décalage et aller à l'état 124
    mc_System   décalage et aller à l'état 125
    mc_boolean  décalage et aller à l'état 37
    mc_char     décalage et aller à l'état 38
    mc_double   décalage et aller à l'état 39
    mc_float    décalage et aller à l'état 40
    acco        décalage et aller à l'état 77
    not         décalage et aller à l'état 62
    idf         décalage et aller à l'état 127
    chaine      décalage et aller à l'état 64
    entier      décalage et aller à l'état 65
    decimal     décalage et aller à l'état 66
    '('         décalage et aller à l'état 67

    type                       aller à l'état 128
    block                      aller à l'état 129
    statement                  aller à l'état 165
    declaration_statement      aller à l'état 131
    expression_statement       aller à l'état 132
    if_statement               aller à l'état 133
    for_statement              aller à l'état 134
    while_statement            aller à l'état 135
    return_statement           aller à l'état 136
    io_statement               aller à l'état 137
    expression                 aller à l'état 138
    assignment_expression      aller à l'état 69
    logical_expression         aller à l'état 70
    comparison_expression      aller à l'état 71
    additive_expression        aller à l'état 72
    multiplicative_expression  aller à l'état 73
    primary_expression         aller à l'état 74


état 161

   77 io_statement: mc_System '.' mc_out '.' . mc_println '(' expression ')' ';'

    mc_println  décalage et aller à l'état 166


état 162

   60 declaration_statement: type idf '=' expression . ';'

    ';'  décalage et aller à l'état 167


état 163

   62 if_statement: mc_if '(' expression ')' statement .
   63             | mc_if '(' expression ')' statement . mc_else statement

    mc_else  décalage et aller à l'état 168

    $défaut  réduction par utilisation de la règle 62 (if_statement)


état 164

   66 for_statement: mc_for '(' $@4 for_init ';' . for_cond ';' for_inc ')' $@5 statement

    not      décalage et aller à l'état 62
    idf      décalage et aller à l'état 63
    chaine   décalage et aller à l'état 64
    entier   décalage et aller à l'état 65
    decimal  décalage et aller à l'état 66
    '('      décalage et aller à l'état 67

    $défaut  réduction par utilisation de la règle 71 (for_cond)

    for_cond                   aller à l'état 169
    expression                 aller à l'état 170
    assignment_expression      aller à l'état 69
    logical_expression         aller à l'état 70
    comparison_expression      aller à l'état 71
    additive_expression        aller à l'état 72
    multiplicative_expression  aller à l'état 73
    primary_expression         aller à l'état 74


état 165

   74 while_statement: mc_while '(' expression ')' statement .

    $défaut  réduction par utilisation de la règle 74 (while_statement)


état 166

   77 io_statement: mc_System '.' mc_out '.' mc_println . '(' expression ')' ';'

    '('  décalage et aller à l'état 171


état 167

   60 declaration_statement: type idf '=' expression ';' .

    $défaut  réduction par utilisation de la règle 60 (declaration_statement)


état 168

   63 if_statement: mc_if '(' expression ')' statement mc_else . statement

    mc_void     décalage et aller à l'état 49
    mc_int      décalage et aller à l'état 35
    mc_String   décalage et aller à l'état 36
    mc_return   décalage et aller à l'état 121
    mc_if       décalage et aller à l'état 122
    mc_for      décalage et aller à l'état 123
    mc_while    décalage et aller à l'état 124
    mc_System   décalage et aller à l'état 125
    mc_boolean  décalage et aller à l'état 37
    mc_char     décalage et aller à l'état 38
    mc_double   décalage et aller à l'état 39
    mc_float    décalage et aller à l'état 40
    acco        décalage et aller à l'état 77
    not         décalage et aller à l'état 62
    idf         décalage et aller à l'état 127
    chaine      décalage et aller à l'état 64
    entier      décalage et aller à l'état 65
    decimal     décalage et aller à l'état 66
    '('         décalage et aller à l'état 67

    type                       aller à l'état 128
    block                      aller à l'état 129
    statement                  aller à l'état 172
    declaration_statement      aller à l'état 131
    expression_statement       aller à l'état 132
    if_statement               aller à l'état 133
    for_statement              aller à l'état 134
    while_statement            aller à l'état 135
    return_statement           aller à l'état 136
    io_statement               aller à l'état 137
    expression                 aller à l'état 138
    assignment_expression      aller à l'état 69
    logical_expression         aller à l'état 70
    comparison_expression      aller à l'état 71
    additive_expression        aller à l'état 72
    multiplicative_expression  aller à l'état 73
    primary_expression         aller à l'état 74


état 169

   66 for_statement: mc_for '(' $@4 for_init ';' for_cond . ';' for_inc ')' $@5 statement

    ';'  décalage et aller à l'état 173


état 170

   70 for_cond: expression .

    $défaut  réduction par utilisation de la règle 70 (for_cond)


état 171

   77 io_statement: mc_System '.' mc_out '.' mc_println '(' . expression ')' ';'

    not      décalage et aller à l'état 62
    idf      décalage et aller à l'état 63
    chaine   décalage et aller à l'état 64
    entier   décalage et aller à l'état 65
    decimal  décalage et aller à l'état 66
    '('      décalage et aller à l'état 67

    expression                 aller à l'état 174
    assignment_expression      aller à l'état 69
    logical_expression         aller à l'état 70
    comparison_expression      aller à l'état 71
    additive_expression        aller à l'état 72
    multiplicative_expression  aller à l'état 73
    primary_expression         aller à l'état 74


état 172

   63 if_statement: mc_if '(' expression ')' statement mc_else statement .

    $défaut  réduction par utilisation de la règle 63 (if_statement)


état 173

   66 for_statement: mc_for '(' $@4 for_init ';' for_cond ';' . for_inc ')' $@5 statement

    not      décalage et aller à l'état 62
    idf      décalage et aller à l'état 63
    chaine   décalage et aller à l'état 64
    entier   décalage et aller à l'état 65
    decimal  décalage et aller à l'état 66
    '('      décalage et aller à l'état 67

    $défaut  réduction par utilisation de la règle 73 (for_inc)

    for_inc                    aller à l'état 175
    expression                 aller à l'état 176
    assignment_expression      aller à l'état 69
    logical_expression         aller à l'état 70
    comparison_expression      aller à l'état 71
    additive_expression        aller à l'état 72
    multiplicative_expression  aller à l'état 73
    primary_expression         aller à l'état 74


état 174

   77 io_statement: mc_System '.' mc_out '.' mc_println '(' expression . ')' ';'

    ')'  décalage et aller à l'état 177


état 175

   66 for_statement: mc_for '(' $@4 for_init ';' for_cond ';' for_inc . ')' $@5 statement

    ')'  décalage et aller à l'état 178


état 176

   72 for_inc: expression .

    $défaut  réduction par utilisation de la règle 72 (for_inc)


état 177

   77 io_statement: mc_System '.' mc_out '.' mc_println '(' expression ')' . ';'

    ';'  décalage et aller à l'état 179


état 178

   66 for_statement: mc_for '(' $@4 for_init ';' for_cond ';' for_inc ')' . $@5 statement

    $défaut  réduction par utilisation de la règle 65 ($@5)

    $@5  aller à l'état 180


état 179

   77 io_statement: mc_System '.' mc_out '.' mc_println '(' expression ')' ';' .

    $défaut  réduction par utilisation de la règle 77 (io_statement)


état 180

   66 for_statement: mc_for '(' $@4 for_init ';' for_cond ';' for_inc ')' $@5 . statement

    mc_void     décalage et aller à l'état 49
    mc_int      décalage et aller à l'état 35
    mc_String   décalage et aller à l'état 36
    mc_return   décalage et aller à l'état 121
    mc_if       décalage et aller à l'état 122
    mc_for      décalage et aller à l'état 123
    mc_while    décalage et aller à l'état 124
    mc_System   décalage et aller à l'état 125
    mc_boolean  décalage et aller à l'état 37
    mc_char     décalage et aller à l'état 38
    mc_double   décalage et aller à l'état 39
    mc_float    décalage et aller à l'état 40
    acco        décalage et aller à l'état 77
    not         décalage et aller à l'état 62
    idf         décalage et aller à l'état 127
    chaine      décalage et aller à l'état 64
    entier      décalage et aller à l'état 65
    decimal     décalage et aller à l'état 66
    '('         décalage et aller à l'état 67

    type                       aller à l'état 128
    block                      aller à l'état 129
    statement                  aller à l'état 181
    declaration_statement      aller à l'état 131
    expression_statement       aller à l'état 132
    if_statement               aller à l'état 133
    for_statement              aller à l'état 134
    while_statement            aller à l'état 135
    return_statement           aller à l'état 136
    io_statement               aller à l'état 137
    expression                 aller à l'état 138
    assignment_expression      aller à l'état 69
    logical_expression         aller à l'état 70
    comparison_expression      aller à l'état 71
    additive_expression        aller à l'état 72
    multiplicative_expression  aller à l'état 73
    primary_expression         aller à l'état 74


état 181

   66 for_statement: mc_for '(' $@4 for_init ';' for_cond ';' for_inc ')' $@5 statement .

    $défaut  réduction par utilisation de la règle 66 (for_statement)
